*** Using Compiler 'V5.06 update 7 (build 960)', folder: 'D:\Keil_v5\ARM\ARMCC\Bin'
Build target 'shiyan002'
compiling network_data_params.c...
assembling startup_stm32h750xx.s...
compiling network_data.c...
compiling network.c...
compiling dma.c...
compiling memorymap.c...
compiling gpio.c...
compiling stm32h7xx_it.c...
compiling usart.c...
compiling stm32h7xx_hal_dcmi.c...
compiling stm32h7xx_hal_cortex.c...
compiling stm32h7xx_hal_msp.c...
compiling main.c...
compiling spi.c...
compiling dcmi.c...
compiling app_x-cube-ai.c...
compiling stm32h7xx_hal_hsem.c...
compiling stm32h7xx_hal_flash_ex.c...
compiling stm32h7xx_hal_gpio.c...
compiling stm32h7xx_hal_flash.c...
compiling stm32h7xx_hal.c...
compiling stm32h7xx_hal_mdma.c...
compiling stm32h7xx_hal_pwr_ex.c...
compiling stm32h7xx_hal_pwr.c...
compiling stm32h7xx_hal_dma_ex.c...
compiling stm32h7xx_hal_rcc_ex.c...
compiling stm32h7xx_hal_rcc.c...
compiling stm32h7xx_hal_dma.c...
compiling stm32h7xx_hal_exti.c...
compiling stm32h7xx_hal_i2c_ex.c...
compiling lcd_image.c...
compiling lcd_fonts.c...
compiling stm32h7xx_hal_uart_ex.c...
compiling led.c...
compiling stm32h7xx_hal_tim_ex.c...
compiling stm32h7xx_hal_spi_ex.c...
compiling stm32h7xx_hal_spi.c...
compiling stm32h7xx_hal_tim.c...
compiling system_stm32h7xx.c...
compiling stm32h7xx_hal_i2c.c...
compiling stm32h7xx_hal_uart.c...
compiling lcd_spi_200.c...
compiling sccb.c...
compiling dcmi_ov5640.c...
compiling app_camera_ai.c...
../Core/User/Src/app_camera_ai.c(87): warning:  #223-D: function "AI_SetCameraFrame" declared implicitly
    AI_SetCameraFrame(s_app_camera_buffer, Display_Width, Display_Height);
../Core/User/Src/app_camera_ai.c(106): warning:  #223-D: function "AI_RequestProcess" declared implicitly
      AI_RequestProcess();
../Core/User/Src/app_camera_ai.c(107): warning:  #223-D: function "AI_ProcessPendingRequest" declared implicitly
      (void)AI_ProcessPendingRequest();
../Core/User/Src/app_camera_ai.c(160): warning:  #223-D: function "AI_ProcessPendingRequest" declared implicitly
    (void)AI_ProcessPendingRequest();
../Core/User/Src/app_camera_ai.c: 4 warnings, 0 errors
linking...
shiyan002\shiyan002.axf: Error: L6218E: Undefined symbol AI_ProcessPendingRequest (referred from app_camera_ai.o).
shiyan002\shiyan002.axf: Error: L6218E: Undefined symbol AI_RequestProcess (referred from app_camera_ai.o).
shiyan002\shiyan002.axf: Error: L6218E: Undefined symbol AI_SetCameraFrame (referred from app_camera_ai.o).
Not enough information to list image symbols.
Not enough information to list load addresses in the image map.
Finished: 2 information, 0 warning and 3 error messages.
"shiyan002\shiyan002.axf" - 3 Error(s), 4 Warning(s).
Target not created.
Build Time Elapsed:  00:04:52
